[4.361s] Invoking command in '/root/soarm/object_detector_pkg': PYTHONPATH=/root/soarm/object_detector_pkg/build/object_detector_pkg/prefix_override:/usr/local/lib/python3.10/dist-packages/colcon_core/task/python/colcon_distutils_commands:/root/soarm/object_detector_pkg/install/object_detector_pkg/lib/python3.10/site-packages:${PYTHONPATH} /usr/bin/python -W ignore:setup.py install is deprecated -W ignore:easy_install command is deprecated setup.py egg_info --egg-base build/object_detector_pkg build --build-base /root/soarm/object_detector_pkg/build/object_detector_pkg/build install --record /root/soarm/object_detector_pkg/build/object_detector_pkg/install.log --single-version-externally-managed install_data
[5.995s] running egg_info
[6.000s] writing build/object_detector_pkg/object_detector_pkg.egg-info/PKG-INFO
[6.001s] writing dependency_links to build/object_detector_pkg/object_detector_pkg.egg-info/dependency_links.txt
[6.003s] writing entry points to build/object_detector_pkg/object_detector_pkg.egg-info/entry_points.txt
[6.005s] writing requirements to build/object_detector_pkg/object_detector_pkg.egg-info/requires.txt
[6.007s] writing top-level names to build/object_detector_pkg/object_detector_pkg.egg-info/top_level.txt
[6.023s] reading manifest file 'build/object_detector_pkg/object_detector_pkg.egg-info/SOURCES.txt'
[6.029s] writing manifest file 'build/object_detector_pkg/object_detector_pkg.egg-info/SOURCES.txt'
[6.030s] running build
[6.030s] running build_py
[6.031s] copying object_detector_pkg/object_detector.py -> /root/soarm/object_detector_pkg/build/object_detector_pkg/build/lib/object_detector_pkg
[6.032s] running install
[6.034s] running install_lib
[6.039s] copying /root/soarm/object_detector_pkg/build/object_detector_pkg/build/lib/object_detector_pkg/object_detector.py -> /root/soarm/object_detector_pkg/install/object_detector_pkg/lib/python3.10/site-packages/object_detector_pkg
[6.042s] byte-compiling /root/soarm/object_detector_pkg/install/object_detector_pkg/lib/python3.10/site-packages/object_detector_pkg/object_detector.py to object_detector.cpython-310.pyc
[6.048s] running install_data
[6.048s] running install_egg_info
[6.059s] removing '/root/soarm/object_detector_pkg/install/object_detector_pkg/lib/python3.10/site-packages/object_detector_pkg-0.0.0-py3.10.egg-info' (and everything under it)
[6.061s] Copying build/object_detector_pkg/object_detector_pkg.egg-info to /root/soarm/object_detector_pkg/install/object_detector_pkg/lib/python3.10/site-packages/object_detector_pkg-0.0.0-py3.10.egg-info
[6.065s] running install_scripts
[6.202s] Installing object_detector script to /root/soarm/object_detector_pkg/install/object_detector_pkg/lib/object_detector_pkg
[6.203s] writing list of installed files to '/root/soarm/object_detector_pkg/build/object_detector_pkg/install.log'
[6.404s] Invoked command in '/root/soarm/object_detector_pkg' returned '0': PYTHONPATH=/root/soarm/object_detector_pkg/build/object_detector_pkg/prefix_override:/usr/local/lib/python3.10/dist-packages/colcon_core/task/python/colcon_distutils_commands:/root/soarm/object_detector_pkg/install/object_detector_pkg/lib/python3.10/site-packages:${PYTHONPATH} /usr/bin/python -W ignore:setup.py install is deprecated -W ignore:easy_install command is deprecated setup.py egg_info --egg-base build/object_detector_pkg build --build-base /root/soarm/object_detector_pkg/build/object_detector_pkg/build install --record /root/soarm/object_detector_pkg/build/object_detector_pkg/install.log --single-version-externally-managed install_data
