[4.667s] Invoking command in '/root/soarm/object_detector_pkg': PYTHONPATH=/root/soarm/object_detector_pkg/build/object_detector_pkg/prefix_override:/usr/local/lib/python3.10/dist-packages/colcon_core/task/python/colcon_distutils_commands:/root/soarm/object_detector_pkg/install/object_detector_pkg/lib/python3.10/site-packages:${PYTHONPATH} /usr/bin/python -W ignore:setup.py install is deprecated -W ignore:easy_install command is deprecated setup.py egg_info --egg-base build/object_detector_pkg build --build-base /root/soarm/object_detector_pkg/build/object_detector_pkg/build install --record /root/soarm/object_detector_pkg/build/object_detector_pkg/install.log --single-version-externally-managed install_data
[6.422s] running egg_info
[6.428s] writing build/object_detector_pkg/object_detector_pkg.egg-info/PKG-INFO
[6.430s] writing dependency_links to build/object_detector_pkg/object_detector_pkg.egg-info/dependency_links.txt
[6.431s] writing entry points to build/object_detector_pkg/object_detector_pkg.egg-info/entry_points.txt
[6.432s] writing requirements to build/object_detector_pkg/object_detector_pkg.egg-info/requires.txt
[6.432s] writing top-level names to build/object_detector_pkg/object_detector_pkg.egg-info/top_level.txt
[6.445s] reading manifest file 'build/object_detector_pkg/object_detector_pkg.egg-info/SOURCES.txt'
[6.451s] writing manifest file 'build/object_detector_pkg/object_detector_pkg.egg-info/SOURCES.txt'
[6.451s] running build
[6.452s] running build_py
[6.452s] copying object_detector_pkg/arm_controller.py -> /root/soarm/object_detector_pkg/build/object_detector_pkg/build/lib/object_detector_pkg
[6.454s] running install
[6.458s] running install_lib
[6.461s] copying /root/soarm/object_detector_pkg/build/object_detector_pkg/build/lib/object_detector_pkg/arm_controller.py -> /root/soarm/object_detector_pkg/install/object_detector_pkg/lib/python3.10/site-packages/object_detector_pkg
[6.464s] byte-compiling /root/soarm/object_detector_pkg/install/object_detector_pkg/lib/python3.10/site-packages/object_detector_pkg/arm_controller.py to arm_controller.cpython-310.pyc
[6.478s] running install_data
[6.479s] running install_egg_info
[6.491s] removing '/root/soarm/object_detector_pkg/install/object_detector_pkg/lib/python3.10/site-packages/object_detector_pkg-0.0.0-py3.10.egg-info' (and everything under it)
[6.493s] Copying build/object_detector_pkg/object_detector_pkg.egg-info to /root/soarm/object_detector_pkg/install/object_detector_pkg/lib/python3.10/site-packages/object_detector_pkg-0.0.0-py3.10.egg-info
[6.497s] running install_scripts
[6.633s] Installing arm_controller script to /root/soarm/object_detector_pkg/install/object_detector_pkg/lib/object_detector_pkg
[6.634s] Installing object_detector script to /root/soarm/object_detector_pkg/install/object_detector_pkg/lib/object_detector_pkg
[6.636s] writing list of installed files to '/root/soarm/object_detector_pkg/build/object_detector_pkg/install.log'
[6.853s] Invoked command in '/root/soarm/object_detector_pkg' returned '0': PYTHONPATH=/root/soarm/object_detector_pkg/build/object_detector_pkg/prefix_override:/usr/local/lib/python3.10/dist-packages/colcon_core/task/python/colcon_distutils_commands:/root/soarm/object_detector_pkg/install/object_detector_pkg/lib/python3.10/site-packages:${PYTHONPATH} /usr/bin/python -W ignore:setup.py install is deprecated -W ignore:easy_install command is deprecated setup.py egg_info --egg-base build/object_detector_pkg build --build-base /root/soarm/object_detector_pkg/build/object_detector_pkg/build install --record /root/soarm/object_detector_pkg/build/object_detector_pkg/install.log --single-version-externally-managed install_data
