Traceback (most recent call last):
  File "/root/soarm/object_detector_pkg/setup.py", line 1, in <module>
    from setuptools import find_packages, setup
  File "/usr/lib/python3/dist-packages/setuptools/__init__.py", line 242, in <module>
    monkey.patch_all()
  File "/usr/lib/python3/dist-packages/setuptools/monkey.py", line 99, in patch_all
    patch_for_msvc_specialized_compiler()
  File "/usr/lib/python3/dist-packages/setuptools/monkey.py", line 136, in patch_for_msvc_specialized_compiler
    msvc = import_module('setuptools.msvc')
  File "/usr/lib/python3.10/importlib/__init__.py", line 126, in import_module
    return _bootstrap._gcd_import(name[level:], package, level)
  File "/usr/lib/python3/dist-packages/setuptools/msvc.py", line 22, in <module>
    import json
  File "/usr/lib/python3.10/json/__init__.py", line 106, in <module>
    from .decoder import JSONDecoder, JSONDecodeError
  File "/usr/lib/python3.10/json/decoder.py", line 5, in <module>
    from json import scanner
  File "/usr/lib/python3.10/json/scanner.py", line 13, in <module>
    (re.VERBOSE | re.MULTILINE | re.DOTALL))
  File "/usr/lib/python3.10/enum.py", line 983, in __or__
    result = self.__class__(self._value_ | self.__class__(other)._value_)
  File "/usr/lib/python3.10/enum.py", line 385, in __call__
    return cls.__new__(cls, value)
  File "/usr/lib/python3.10/enum.py", line 700, in __new__
    result = cls._missing_(value)
  File "/usr/lib/python3.10/enum.py", line 944, in _missing_
    new_member = cls._create_pseudo_member_(value)
  File "/usr/lib/python3.10/enum.py", line 977, in _create_pseudo_member_
    pseudo_member = cls._value2member_map_.setdefault(value, pseudo_member)
KeyboardInterrupt
