/root/soarm/object_detector_pkg/install/object_detector_pkg/lib/python3.10/site-packages/object_detector_pkg/object_detector.py
/root/soarm/object_detector_pkg/install/object_detector_pkg/lib/python3.10/site-packages/object_detector_pkg/__init__.py
/root/soarm/object_detector_pkg/install/object_detector_pkg/lib/python3.10/site-packages/object_detector_pkg/arm_controller.py
/root/soarm/object_detector_pkg/install/object_detector_pkg/lib/python3.10/site-packages/object_detector_pkg/__pycache__/object_detector.cpython-310.pyc
/root/soarm/object_detector_pkg/install/object_detector_pkg/lib/python3.10/site-packages/object_detector_pkg/__pycache__/__init__.cpython-310.pyc
/root/soarm/object_detector_pkg/install/object_detector_pkg/lib/python3.10/site-packages/object_detector_pkg/__pycache__/arm_controller.cpython-310.pyc
/root/soarm/object_detector_pkg/install/object_detector_pkg/share/ament_index/resource_index/packages/object_detector_pkg
/root/soarm/object_detector_pkg/install/object_detector_pkg/share/object_detector_pkg/package.xml
/root/soarm/object_detector_pkg/install/object_detector_pkg/share/object_detector_pkg/launch/full_system_launch.py
/root/soarm/object_detector_pkg/install/object_detector_pkg/share/object_detector_pkg/launch/complete_system_launch.py
/root/soarm/object_detector_pkg/install/object_detector_pkg/share/object_detector_pkg/config/arm_actions.yaml
/root/soarm/object_detector_pkg/install/object_detector_pkg/share/object_detector_pkg/scripts/test_arm_actions.py
/root/soarm/object_detector_pkg/install/object_detector_pkg/lib/python3.10/site-packages/object_detector_pkg-0.0.0-py3.10.egg-info/requires.txt
/root/soarm/object_detector_pkg/install/object_detector_pkg/lib/python3.10/site-packages/object_detector_pkg-0.0.0-py3.10.egg-info/SOURCES.txt
/root/soarm/object_detector_pkg/install/object_detector_pkg/lib/python3.10/site-packages/object_detector_pkg-0.0.0-py3.10.egg-info/top_level.txt
/root/soarm/object_detector_pkg/install/object_detector_pkg/lib/python3.10/site-packages/object_detector_pkg-0.0.0-py3.10.egg-info/zip-safe
/root/soarm/object_detector_pkg/install/object_detector_pkg/lib/python3.10/site-packages/object_detector_pkg-0.0.0-py3.10.egg-info/dependency_links.txt
/root/soarm/object_detector_pkg/install/object_detector_pkg/lib/python3.10/site-packages/object_detector_pkg-0.0.0-py3.10.egg-info/entry_points.txt
/root/soarm/object_detector_pkg/install/object_detector_pkg/lib/python3.10/site-packages/object_detector_pkg-0.0.0-py3.10.egg-info/PKG-INFO
/root/soarm/object_detector_pkg/install/object_detector_pkg/lib/object_detector_pkg/arm_controller
/root/soarm/object_detector_pkg/install/object_detector_pkg/lib/object_detector_pkg/object_detector
/root/soarm/object_detector_pkg/install/object_detector_pkg/lib/object_detector_pkg/test_arm_actions
