running egg_info
creating build/object_detector_pkg/object_detector_pkg.egg-info
writing build/object_detector_pkg/object_detector_pkg.egg-info/PKG-INFO
writing dependency_links to build/object_detector_pkg/object_detector_pkg.egg-info/dependency_links.txt
writing entry points to build/object_detector_pkg/object_detector_pkg.egg-info/entry_points.txt
writing requirements to build/object_detector_pkg/object_detector_pkg.egg-info/requires.txt
writing top-level names to build/object_detector_pkg/object_detector_pkg.egg-info/top_level.txt
writing manifest file 'build/object_detector_pkg/object_detector_pkg.egg-info/SOURCES.txt'
reading manifest file 'build/object_detector_pkg/object_detector_pkg.egg-info/SOURCES.txt'
writing manifest file 'build/object_detector_pkg/object_detector_pkg.egg-info/SOURCES.txt'
running build
running build_py
creating /root/soarm/object_detector_pkg/build/object_detector_pkg/build
creating /root/soarm/object_detector_pkg/build/object_detector_pkg/build/lib
creating /root/soarm/object_detector_pkg/build/object_detector_pkg/build/lib/object_detector_pkg
copying object_detector_pkg/object_detector.py -> /root/soarm/object_detector_pkg/build/object_detector_pkg/build/lib/object_detector_pkg
copying object_detector_pkg/__init__.py -> /root/soarm/object_detector_pkg/build/object_detector_pkg/build/lib/object_detector_pkg
running install
running install_lib
creating /root/soarm/object_detector_pkg/install/object_detector_pkg/lib/python3.10/site-packages/object_detector_pkg
copying /root/soarm/object_detector_pkg/build/object_detector_pkg/build/lib/object_detector_pkg/object_detector.py -> /root/soarm/object_detector_pkg/install/object_detector_pkg/lib/python3.10/site-packages/object_detector_pkg
copying /root/soarm/object_detector_pkg/build/object_detector_pkg/build/lib/object_detector_pkg/__init__.py -> /root/soarm/object_detector_pkg/install/object_detector_pkg/lib/python3.10/site-packages/object_detector_pkg
byte-compiling /root/soarm/object_detector_pkg/install/object_detector_pkg/lib/python3.10/site-packages/object_detector_pkg/object_detector.py to object_detector.cpython-310.pyc
byte-compiling /root/soarm/object_detector_pkg/install/object_detector_pkg/lib/python3.10/site-packages/object_detector_pkg/__init__.py to __init__.cpython-310.pyc
running install_data
creating /root/soarm/object_detector_pkg/install/object_detector_pkg/share/ament_index
creating /root/soarm/object_detector_pkg/install/object_detector_pkg/share/ament_index/resource_index
creating /root/soarm/object_detector_pkg/install/object_detector_pkg/share/ament_index/resource_index/packages
copying resource/object_detector_pkg -> /root/soarm/object_detector_pkg/install/object_detector_pkg/share/ament_index/resource_index/packages
copying package.xml -> /root/soarm/object_detector_pkg/install/object_detector_pkg/share/object_detector_pkg
running install_egg_info
Copying build/object_detector_pkg/object_detector_pkg.egg-info to /root/soarm/object_detector_pkg/install/object_detector_pkg/lib/python3.10/site-packages/object_detector_pkg-0.0.0-py3.10.egg-info
running install_scripts
Installing object_detector script to /root/soarm/object_detector_pkg/install/object_detector_pkg/lib/object_detector_pkg
writing list of installed files to '/root/soarm/object_detector_pkg/build/object_detector_pkg/install.log'
