[4.674s] Invoking command in '/root/soarm/object_detector_pkg': PYTHONPATH=/root/soarm/object_detector_pkg/build/object_detector_pkg/prefix_override:/usr/local/lib/python3.10/dist-packages/colcon_core/task/python/colcon_distutils_commands:/root/soarm/object_detector_pkg/install/object_detector_pkg/lib/python3.10/site-packages:${PYTHONPATH} /usr/bin/python -W ignore:setup.py install is deprecated -W ignore:easy_install command is deprecated setup.py egg_info --egg-base build/object_detector_pkg build --build-base /root/soarm/object_detector_pkg/build/object_detector_pkg/build install --record /root/soarm/object_detector_pkg/build/object_detector_pkg/install.log --single-version-externally-managed install_data
[6.392s] running egg_info
[6.396s] creating build/object_detector_pkg/object_detector_pkg.egg-info
[6.397s] writing build/object_detector_pkg/object_detector_pkg.egg-info/PKG-INFO
[6.399s] writing dependency_links to build/object_detector_pkg/object_detector_pkg.egg-info/dependency_links.txt
[6.400s] writing entry points to build/object_detector_pkg/object_detector_pkg.egg-info/entry_points.txt
[6.401s] writing requirements to build/object_detector_pkg/object_detector_pkg.egg-info/requires.txt
[6.401s] writing top-level names to build/object_detector_pkg/object_detector_pkg.egg-info/top_level.txt
[6.402s] writing manifest file 'build/object_detector_pkg/object_detector_pkg.egg-info/SOURCES.txt'
[6.413s] reading manifest file 'build/object_detector_pkg/object_detector_pkg.egg-info/SOURCES.txt'
[6.419s] writing manifest file 'build/object_detector_pkg/object_detector_pkg.egg-info/SOURCES.txt'
[6.419s] running build
[6.420s] running build_py
[6.421s] creating /root/soarm/object_detector_pkg/build/object_detector_pkg/build
[6.422s] creating /root/soarm/object_detector_pkg/build/object_detector_pkg/build/lib
[6.422s] creating /root/soarm/object_detector_pkg/build/object_detector_pkg/build/lib/object_detector_pkg
[6.423s] copying object_detector_pkg/object_detector.py -> /root/soarm/object_detector_pkg/build/object_detector_pkg/build/lib/object_detector_pkg
[6.423s] copying object_detector_pkg/__init__.py -> /root/soarm/object_detector_pkg/build/object_detector_pkg/build/lib/object_detector_pkg
[6.424s] running install
[6.425s] running install_lib
[6.430s] creating /root/soarm/object_detector_pkg/install/object_detector_pkg/lib/python3.10/site-packages/object_detector_pkg
[6.431s] copying /root/soarm/object_detector_pkg/build/object_detector_pkg/build/lib/object_detector_pkg/object_detector.py -> /root/soarm/object_detector_pkg/install/object_detector_pkg/lib/python3.10/site-packages/object_detector_pkg
[6.432s] copying /root/soarm/object_detector_pkg/build/object_detector_pkg/build/lib/object_detector_pkg/__init__.py -> /root/soarm/object_detector_pkg/install/object_detector_pkg/lib/python3.10/site-packages/object_detector_pkg
[6.435s] byte-compiling /root/soarm/object_detector_pkg/install/object_detector_pkg/lib/python3.10/site-packages/object_detector_pkg/object_detector.py to object_detector.cpython-310.pyc
[6.440s] byte-compiling /root/soarm/object_detector_pkg/install/object_detector_pkg/lib/python3.10/site-packages/object_detector_pkg/__init__.py to __init__.cpython-310.pyc
[6.442s] running install_data
[6.443s] creating /root/soarm/object_detector_pkg/install/object_detector_pkg/share/ament_index
[6.444s] creating /root/soarm/object_detector_pkg/install/object_detector_pkg/share/ament_index/resource_index
[6.446s] creating /root/soarm/object_detector_pkg/install/object_detector_pkg/share/ament_index/resource_index/packages
[6.447s] copying resource/object_detector_pkg -> /root/soarm/object_detector_pkg/install/object_detector_pkg/share/ament_index/resource_index/packages
[6.448s] copying package.xml -> /root/soarm/object_detector_pkg/install/object_detector_pkg/share/object_detector_pkg
[6.449s] running install_egg_info
[6.463s] Copying build/object_detector_pkg/object_detector_pkg.egg-info to /root/soarm/object_detector_pkg/install/object_detector_pkg/lib/python3.10/site-packages/object_detector_pkg-0.0.0-py3.10.egg-info
[6.477s] running install_scripts
[6.608s] Installing object_detector script to /root/soarm/object_detector_pkg/install/object_detector_pkg/lib/object_detector_pkg
[6.610s] writing list of installed files to '/root/soarm/object_detector_pkg/build/object_detector_pkg/install.log'
[6.828s] Invoked command in '/root/soarm/object_detector_pkg' returned '0': PYTHONPATH=/root/soarm/object_detector_pkg/build/object_detector_pkg/prefix_override:/usr/local/lib/python3.10/dist-packages/colcon_core/task/python/colcon_distutils_commands:/root/soarm/object_detector_pkg/install/object_detector_pkg/lib/python3.10/site-packages:${PYTHONPATH} /usr/bin/python -W ignore:setup.py install is deprecated -W ignore:easy_install command is deprecated setup.py egg_info --egg-base build/object_detector_pkg build --build-base /root/soarm/object_detector_pkg/build/object_detector_pkg/build install --record /root/soarm/object_detector_pkg/build/object_detector_pkg/install.log --single-version-externally-managed install_data
