running egg_info
writing build/object_detector_pkg/object_detector_pkg.egg-info/PKG-INFO
writing dependency_links to build/object_detector_pkg/object_detector_pkg.egg-info/dependency_links.txt
writing entry points to build/object_detector_pkg/object_detector_pkg.egg-info/entry_points.txt
writing requirements to build/object_detector_pkg/object_detector_pkg.egg-info/requires.txt
writing top-level names to build/object_detector_pkg/object_detector_pkg.egg-info/top_level.txt
reading manifest file 'build/object_detector_pkg/object_detector_pkg.egg-info/SOURCES.txt'
writing manifest file 'build/object_detector_pkg/object_detector_pkg.egg-info/SOURCES.txt'
running build
running build_py
running install
running install_lib
running install_data
copying config/arm_actions.yaml -> /root/soarm/object_detector_pkg/install/object_detector_pkg/share/object_detector_pkg/config
running install_egg_info
removing '/root/soarm/object_detector_pkg/install/object_detector_pkg/lib/python3.10/site-packages/object_detector_pkg-0.0.0-py3.10.egg-info' (and everything under it)
Copying build/object_detector_pkg/object_detector_pkg.egg-info to /root/soarm/object_detector_pkg/install/object_detector_pkg/lib/python3.10/site-packages/object_detector_pkg-0.0.0-py3.10.egg-info
running install_scripts
Installing arm_controller script to /root/soarm/object_detector_pkg/install/object_detector_pkg/lib/object_detector_pkg
Installing object_detector script to /root/soarm/object_detector_pkg/install/object_detector_pkg/lib/object_detector_pkg
Installing test_arm_actions script to /root/soarm/object_detector_pkg/install/object_detector_pkg/lib/object_detector_pkg
writing list of installed files to '/root/soarm/object_detector_pkg/build/object_detector_pkg/install.log'
