[0.857s] [34mcolcon[0m [1;30mDEBUG[0m [32mCommand line arguments: ['/usr/local/bin/colcon', 'build', '--packages-select', 'object_detector_pkg'][0m
[0.858s] [34mcolcon[0m [1;30mDEBUG[0m [32mParsed command line arguments: Namespace(log_base=None, log_level=None, verb_name='build', build_base='build', install_base='install', merge_install=False, symlink_install=False, test_result_base=None, continue_on_error=False, executor='parallel', parallel_workers=8, event_handlers=None, ignore_user_meta=False, metas=['./colcon.meta'], base_paths=['.'], packages_ignore=None, packages_ignore_regex=None, paths=None, packages_up_to=None, packages_up_to_regex=None, packages_above=None, packages_above_and_dependencies=None, packages_above_depth=None, packages_select_by_dep=None, packages_skip_by_dep=None, packages_skip_up_to=None, packages_select_build_failed=False, packages_skip_build_finished=False, packages_select_test_failures=False, packages_skip_test_passed=False, packages_select=['object_detector_pkg'], packages_skip=None, packages_select_regex=None, packages_skip_regex=None, packages_start=None, packages_end=None, cmake_args=None, cmake_target=None, cmake_target_skip_unavailable=False, cmake_clean_cache=False, cmake_clean_first=False, cmake_force_configure=False, ament_cmake_args=None, catkin_cmake_args=None, catkin_skip_building_tests=False, verb_parser=<colcon_defaults.argument_parser.defaults.DefaultArgumentsDecorator object at 0xffffb24ed7b0>, verb_extension=<colcon_core.verb.build.BuildVerb object at 0xffffb267fc70>, main=<bound method BuildVerb.main of <colcon_core.verb.build.BuildVerb object at 0xffffb267fc70>>)[0m
[1.923s] [34mcolcon.colcon_core.package_discovery[0m [1;30mLevel 1[0m discover_packages(colcon_meta) check parameters
[1.923s] [34mcolcon.colcon_core.package_discovery[0m [1;30mLevel 1[0m discover_packages(recursive) check parameters
[1.924s] [34mcolcon.colcon_core.package_discovery[0m [1;30mLevel 1[0m discover_packages(ignore) check parameters
[1.924s] [34mcolcon.colcon_core.package_discovery[0m [1;30mLevel 1[0m discover_packages(path) check parameters
[1.924s] [34mcolcon.colcon_core.package_discovery[0m [1;30mLevel 1[0m discover_packages(colcon_meta) discover
[1.925s] [34mcolcon.colcon_core.package_discovery[0m [1;30mLevel 1[0m discover_packages(recursive) discover
[1.925s] [34mcolcon.colcon_core.package_discovery[0m [1;30mINFO[0m Crawling recursively for packages in '/root/soarm/object_detector_pkg'
[1.925s] [34mcolcon.colcon_core.package_identification[0m [1;30mLevel 1[0m _identify(.) by extensions ['ignore', 'ignore_ament_install']
[1.927s] [34mcolcon.colcon_core.package_identification[0m [1;30mLevel 1[0m _identify(.) by extension 'ignore'
[1.927s] [34mcolcon.colcon_core.package_identification[0m [1;30mLevel 1[0m _identify(.) by extension 'ignore_ament_install'
[1.927s] [34mcolcon.colcon_core.package_identification[0m [1;30mLevel 1[0m _identify(.) by extensions ['colcon_pkg']
[1.928s] [34mcolcon.colcon_core.package_identification[0m [1;30mLevel 1[0m _identify(.) by extension 'colcon_pkg'
[1.928s] [34mcolcon.colcon_core.package_identification[0m [1;30mLevel 1[0m _identify(.) by extensions ['colcon_meta']
[1.928s] [34mcolcon.colcon_core.package_identification[0m [1;30mLevel 1[0m _identify(.) by extension 'colcon_meta'
[1.928s] [34mcolcon.colcon_core.package_identification[0m [1;30mLevel 1[0m _identify(.) by extensions ['ros']
[1.929s] [34mcolcon.colcon_core.package_identification[0m [1;30mLevel 1[0m _identify(.) by extension 'ros'
[2.012s] [34mcolcon.colcon_core.package_identification[0m [1;30mDEBUG[0m [32mPackage '.' with type 'ros.ament_python' and name 'object_detector_pkg'[0m
[2.012s] [34mcolcon.colcon_core.package_discovery[0m [1;30mLevel 1[0m discover_packages(recursive) using defaults
[2.013s] [34mcolcon.colcon_core.package_discovery[0m [1;30mLevel 1[0m discover_packages(ignore) discover
[2.013s] [34mcolcon.colcon_core.package_discovery[0m [1;30mLevel 1[0m discover_packages(ignore) using defaults
[2.013s] [34mcolcon.colcon_core.package_discovery[0m [1;30mLevel 1[0m discover_packages(path) discover
[2.013s] [34mcolcon.colcon_core.package_discovery[0m [1;30mLevel 1[0m discover_packages(path) using defaults
[2.099s] [34mcolcon.colcon_core.verb[0m [1;30mLevel 5[0m set package 'object_detector_pkg' build argument 'cmake_args' from command line to 'None'
[2.100s] [34mcolcon.colcon_core.verb[0m [1;30mLevel 5[0m set package 'object_detector_pkg' build argument 'cmake_target' from command line to 'None'
[2.100s] [34mcolcon.colcon_core.verb[0m [1;30mLevel 5[0m set package 'object_detector_pkg' build argument 'cmake_target_skip_unavailable' from command line to 'False'
[2.100s] [34mcolcon.colcon_core.verb[0m [1;30mLevel 5[0m set package 'object_detector_pkg' build argument 'cmake_clean_cache' from command line to 'False'
[2.100s] [34mcolcon.colcon_core.verb[0m [1;30mLevel 5[0m set package 'object_detector_pkg' build argument 'cmake_clean_first' from command line to 'False'
[2.101s] [34mcolcon.colcon_core.verb[0m [1;30mLevel 5[0m set package 'object_detector_pkg' build argument 'cmake_force_configure' from command line to 'False'
[2.101s] [34mcolcon.colcon_core.verb[0m [1;30mLevel 5[0m set package 'object_detector_pkg' build argument 'ament_cmake_args' from command line to 'None'
[2.101s] [34mcolcon.colcon_core.verb[0m [1;30mLevel 5[0m set package 'object_detector_pkg' build argument 'catkin_cmake_args' from command line to 'None'
[2.101s] [34mcolcon.colcon_core.verb[0m [1;30mLevel 5[0m set package 'object_detector_pkg' build argument 'catkin_skip_building_tests' from command line to 'False'
[2.101s] [34mcolcon.colcon_core.verb[0m [1;30mDEBUG[0m [32mBuilding package 'object_detector_pkg' with the following arguments: {'ament_cmake_args': None, 'build_base': '/root/soarm/object_detector_pkg/build/object_detector_pkg', 'catkin_cmake_args': None, 'catkin_skip_building_tests': False, 'cmake_args': None, 'cmake_clean_cache': False, 'cmake_clean_first': False, 'cmake_force_configure': False, 'cmake_target': None, 'cmake_target_skip_unavailable': False, 'install_base': '/root/soarm/object_detector_pkg/install/object_detector_pkg', 'merge_install': False, 'path': '/root/soarm/object_detector_pkg', 'symlink_install': False, 'test_result_base': None}[0m
[2.102s] [34mcolcon.colcon_core.executor[0m [1;30mINFO[0m Executing jobs using 'parallel' executor
[2.107s] [34mcolcon.colcon_parallel_executor.executor.parallel[0m [1;30mDEBUG[0m [32mrun_until_complete[0m
[2.109s] [34mcolcon.colcon_ros.task.ament_python.build[0m [1;30mINFO[0m Building ROS package in '/root/soarm/object_detector_pkg' with build type 'ament_python'
[2.109s] [34mcolcon.colcon_core.shell[0m [1;30mLevel 1[0m create_environment_hook('object_detector_pkg', 'ament_prefix_path')
[2.119s] [34mcolcon.colcon_core.plugin_system[0m [1;30mINFO[0m Skipping extension 'colcon_core.shell.bat': Not used on non-Windows systems
[2.121s] [34mcolcon.colcon_core.shell[0m [1;30mINFO[0m Creating environment hook '/root/soarm/object_detector_pkg/install/object_detector_pkg/share/object_detector_pkg/hook/ament_prefix_path.ps1'
[2.125s] [34mcolcon.colcon_core.shell[0m [1;30mINFO[0m Creating environment descriptor '/root/soarm/object_detector_pkg/install/object_detector_pkg/share/object_detector_pkg/hook/ament_prefix_path.dsv'
[2.127s] [34mcolcon.colcon_core.shell[0m [1;30mINFO[0m Creating environment hook '/root/soarm/object_detector_pkg/install/object_detector_pkg/share/object_detector_pkg/hook/ament_prefix_path.sh'
[2.132s] [34mcolcon.colcon_core.shell[0m [1;30mINFO[0m Skip shell extension 'powershell' for command environment: Not usable outside of PowerShell
[2.133s] [34mcolcon.colcon_core.shell[0m [1;30mDEBUG[0m [32mSkip shell extension 'dsv' for command environment[0m
[3.646s] [34mcolcon.colcon_parallel_executor.executor.parallel[0m [1;30mDEBUG[0m [32mrun_until_complete was interrupted[0m
[3.648s] [34mcolcon.colcon_parallel_executor.executor.parallel[0m [1;30mDEBUG[0m [32mrun_until_complete again[0m
[3.652s] [34mcolcon.colcon_parallel_executor.executor.parallel[0m [1;30mDEBUG[0m [32mrun_until_complete finished[0m
[3.653s] [34mcolcon.colcon_parallel_executor.executor.parallel[0m [1;30mDEBUG[0m [32mclosing loop[0m
[3.654s] [34mcolcon.colcon_parallel_executor.executor.parallel[0m [1;30mDEBUG[0m [32mloop closed[0m
[3.655s] [34mcolcon.colcon_core.event_reactor[0m [1;30mDEBUG[0m [32mjoining thread[0m
[3.700s] [34mcolcon.colcon_core.plugin_system[0m [1;30mINFO[0m Skipping extension 'colcon_notification.desktop_notification.notify_send': Could not find 'notify-send'
[3.701s] [34mcolcon.colcon_core.plugin_system[0m [1;30mINFO[0m Skipping extension 'colcon_notification.desktop_notification.terminal_notifier': Not used on non-Darwin systems
[3.701s] [34mcolcon.colcon_core.plugin_system[0m [1;30mINFO[0m Skipping extension 'colcon_notification.desktop_notification.win32': Not used on non-Windows systems
[3.701s] [34mcolcon.colcon_notification.desktop_notification[0m [1;30mINFO[0m Sending desktop notification using 'notify2'
[28.729s] [34mcolcon.colcon_notification.desktop_notification.notify2[0m [1;30mDEBUG[0m [32mFailed to initialize notify2: org.freedesktop.DBus.Error.NoReply: Did not receive a reply. Possible causes include: the remote application did not send a reply, the message bus security policy blocked the reply, the reply timeout expired, or the network connection was broken.[0m
[28.731s] [34mcolcon.colcon_core.event_reactor[0m [1;30mDEBUG[0m [32mjoined thread[0m
[28.737s] [34mcolcon.colcon_core.shell[0m [1;30mINFO[0m Creating prefix script '/root/soarm/object_detector_pkg/install/local_setup.ps1'
[28.775s] [34mcolcon.colcon_core.shell[0m [1;30mINFO[0m Creating prefix util module '/root/soarm/object_detector_pkg/install/_local_setup_util_ps1.py'
[28.795s] [34mcolcon.colcon_core.shell[0m [1;30mINFO[0m Creating prefix chain script '/root/soarm/object_detector_pkg/install/setup.ps1'
[28.808s] [34mcolcon.colcon_core.shell[0m [1;30mINFO[0m Creating prefix script '/root/soarm/object_detector_pkg/install/local_setup.sh'
[28.812s] [34mcolcon.colcon_core.shell[0m [1;30mINFO[0m Creating prefix util module '/root/soarm/object_detector_pkg/install/_local_setup_util_sh.py'
[28.817s] [34mcolcon.colcon_core.shell[0m [1;30mINFO[0m Creating prefix chain script '/root/soarm/object_detector_pkg/install/setup.sh'
[28.825s] [34mcolcon.colcon_core.shell[0m [1;30mINFO[0m Creating prefix script '/root/soarm/object_detector_pkg/install/local_setup.bash'
[28.829s] [34mcolcon.colcon_core.shell[0m [1;30mINFO[0m Creating prefix chain script '/root/soarm/object_detector_pkg/install/setup.bash'
[28.836s] [34mcolcon.colcon_core.shell[0m [1;30mINFO[0m Creating prefix script '/root/soarm/object_detector_pkg/install/local_setup.zsh'
[28.839s] [34mcolcon.colcon_core.shell[0m [1;30mINFO[0m Creating prefix chain script '/root/soarm/object_detector_pkg/install/setup.zsh'
