[4.828s] Invoking command in '/root/soarm/object_detector_pkg': PYTHONPATH=/root/soarm/object_detector_pkg/build/object_detector_pkg/prefix_override:/usr/local/lib/python3.10/dist-packages/colcon_core/task/python/colcon_distutils_commands:/root/soarm/object_detector_pkg/install/object_detector_pkg/lib/python3.10/site-packages:${PYTHONPATH} /usr/bin/python -W ignore:setup.py install is deprecated -W ignore:easy_install command is deprecated setup.py egg_info --egg-base build/object_detector_pkg build --build-base /root/soarm/object_detector_pkg/build/object_detector_pkg/build install --record /root/soarm/object_detector_pkg/build/object_detector_pkg/install.log --single-version-externally-managed install_data
[6.581s] running egg_info
[6.586s] writing build/object_detector_pkg/object_detector_pkg.egg-info/PKG-INFO
[6.590s] writing dependency_links to build/object_detector_pkg/object_detector_pkg.egg-info/dependency_links.txt
[6.593s] writing entry points to build/object_detector_pkg/object_detector_pkg.egg-info/entry_points.txt
[6.595s] writing requirements to build/object_detector_pkg/object_detector_pkg.egg-info/requires.txt
[6.596s] writing top-level names to build/object_detector_pkg/object_detector_pkg.egg-info/top_level.txt
[6.606s] reading manifest file 'build/object_detector_pkg/object_detector_pkg.egg-info/SOURCES.txt'
[6.613s] writing manifest file 'build/object_detector_pkg/object_detector_pkg.egg-info/SOURCES.txt'
[6.614s] running build
[6.615s] running build_py
[6.616s] copying object_detector_pkg/arm_controller.py -> /root/soarm/object_detector_pkg/build/object_detector_pkg/build/lib/object_detector_pkg
[6.616s] running install
[6.618s] running install_lib
[6.624s] copying /root/soarm/object_detector_pkg/build/object_detector_pkg/build/lib/object_detector_pkg/arm_controller.py -> /root/soarm/object_detector_pkg/install/object_detector_pkg/lib/python3.10/site-packages/object_detector_pkg
[6.627s] byte-compiling /root/soarm/object_detector_pkg/install/object_detector_pkg/lib/python3.10/site-packages/object_detector_pkg/arm_controller.py to arm_controller.cpython-310.pyc
[6.640s] running install_data
[6.641s] running install_egg_info
[6.653s] removing '/root/soarm/object_detector_pkg/install/object_detector_pkg/lib/python3.10/site-packages/object_detector_pkg-0.0.0-py3.10.egg-info' (and everything under it)
[6.655s] Copying build/object_detector_pkg/object_detector_pkg.egg-info to /root/soarm/object_detector_pkg/install/object_detector_pkg/lib/python3.10/site-packages/object_detector_pkg-0.0.0-py3.10.egg-info
[6.659s] running install_scripts
[6.789s] Installing arm_controller script to /root/soarm/object_detector_pkg/install/object_detector_pkg/lib/object_detector_pkg
[6.791s] Installing object_detector script to /root/soarm/object_detector_pkg/install/object_detector_pkg/lib/object_detector_pkg
[6.794s] writing list of installed files to '/root/soarm/object_detector_pkg/build/object_detector_pkg/install.log'
[7.023s] Invoked command in '/root/soarm/object_detector_pkg' returned '0': PYTHONPATH=/root/soarm/object_detector_pkg/build/object_detector_pkg/prefix_override:/usr/local/lib/python3.10/dist-packages/colcon_core/task/python/colcon_distutils_commands:/root/soarm/object_detector_pkg/install/object_detector_pkg/lib/python3.10/site-packages:${PYTHONPATH} /usr/bin/python -W ignore:setup.py install is deprecated -W ignore:easy_install command is deprecated setup.py egg_info --egg-base build/object_detector_pkg build --build-base /root/soarm/object_detector_pkg/build/object_detector_pkg/build install --record /root/soarm/object_detector_pkg/build/object_detector_pkg/install.log --single-version-externally-managed install_data
